2023-04-18 20:48:56 INFO  Log:15 - ***************
2023-04-18 20:48:56 INFO  Log:16 - ***************
2023-04-18 20:48:56 INFO  Log:17 - ************This is the beginning of my test case***********
2023-04-18 20:48:56 INFO  Log:27 - My Test case is executing right now
2023-04-18 20:48:56 INFO  Log:31 - My test case might have some trivial issue
2023-04-18 20:49:07 INFO  Log:27 - This test case is about to get completed
2023-04-18 20:49:07 INFO  Log:21 - #########
2023-04-18 20:49:07 INFO  Log:22 - #########
2023-04-18 20:49:07 INFO  Log:23 - #########This test case is finished#######
2023-04-18 21:55:46 INFO  Log:15 - ***************
2023-04-18 21:55:46 INFO  Log:16 - ***************
2023-04-18 21:55:46 INFO  Log:17 - ************This is the beginning of my test case***********
2023-04-18 21:55:46 INFO  Log:27 - My Test case is executing right now
2023-04-18 21:55:46 INFO  Log:31 - My test case might have some trivial issue
2023-04-18 21:55:58 INFO  Log:27 - This test case is about to get completed
2023-04-18 21:55:58 INFO  Log:21 - #########
2023-04-18 21:55:58 INFO  Log:22 - #########
2023-04-18 21:55:58 INFO  Log:23 - #########This test case is finished#######
2023-05-03 23:41:24 INFO  Log:15 - ***************
2023-05-03 23:41:24 INFO  Log:16 - ***************
2023-05-03 23:41:24 INFO  Log:17 - ************This is the beginning of my test case***********
2023-05-03 23:41:24 INFO  Log:27 - My Test case is executing right now
2023-05-03 23:41:24 INFO  Log:31 - My test case might have some trivial issue
2023-05-03 23:41:26 INFO  Log:27 - This test case is about to get completed
2023-05-03 23:41:26 INFO  Log:21 - #########
2023-05-03 23:41:26 INFO  Log:22 - #########
2023-05-03 23:41:26 INFO  Log:23 - #########This test case is finished#######
2023-05-03 23:41:28 INFO  Log:15 - ***************
2023-05-03 23:41:28 INFO  Log:16 - ***************
2023-05-03 23:41:28 INFO  Log:17 - ************This is the beginning of my test case***********
2023-05-03 23:41:28 INFO  Log:27 - My Test case is executing right now
2023-05-03 23:41:28 INFO  Log:31 - My test case might have some trivial issue
2023-05-03 23:41:30 INFO  Log:27 - This test case is about to get completed
2023-05-03 23:41:30 INFO  Log:21 - #########
2023-05-03 23:41:30 INFO  Log:22 - #########
2023-05-03 23:41:30 INFO  Log:23 - #########This test case is finished#######
2023-05-11 13:16:06 INFO  Log:15 - ***************
2023-05-11 13:16:06 INFO  Log:16 - ***************
2023-05-11 13:16:06 INFO  Log:17 - ************This is the beginning of my test case***********
2023-05-11 13:16:06 INFO  Log:27 - My Test case is executing right now
2023-05-11 13:16:06 INFO  Log:31 - My test case might have some trivial issue
2023-05-11 13:16:07 INFO  Log:27 - This test case is about to get completed
2023-05-11 13:16:07 INFO  Log:21 - #########
2023-05-11 13:16:07 INFO  Log:22 - #########
2023-05-11 13:16:07 INFO  Log:23 - #########This test case is finished#######
2023-05-11 13:16:09 INFO  Log:15 - ***************
2023-05-11 13:16:09 INFO  Log:16 - ***************
2023-05-11 13:16:09 INFO  Log:17 - ************This is the beginning of my test case***********
2023-05-11 13:16:09 INFO  Log:27 - My Test case is executing right now
2023-05-11 13:16:09 INFO  Log:31 - My test case might have some trivial issue
2023-05-11 13:16:10 INFO  Log:27 - This test case is about to get completed
2023-05-11 13:16:10 INFO  Log:21 - #########
2023-05-11 13:16:10 INFO  Log:22 - #########
2023-05-11 13:16:10 INFO  Log:23 - #########This test case is finished#######
2023-05-11 13:16:11 INFO  Log:15 - ***************
2023-05-11 13:16:11 INFO  Log:16 - ***************
2023-05-11 13:16:11 INFO  Log:17 - ************This is the beginning of my test case***********
2023-05-11 13:16:11 INFO  Log:27 - My Test case is executing right now
2023-05-11 13:16:11 INFO  Log:31 - My test case might have some trivial issue
2023-05-11 13:16:12 INFO  Log:27 - This test case is about to get completed
2023-05-11 13:16:12 INFO  Log:21 - #########
2023-05-11 13:16:12 INFO  Log:22 - #########
2023-05-11 13:16:12 INFO  Log:23 - #########This test case is finished#######
2023-05-11 13:16:14 INFO  Log:15 - ***************
2023-05-11 13:16:14 INFO  Log:16 - ***************
2023-05-11 13:16:14 INFO  Log:17 - ************This is the beginning of my test case***********
2023-05-11 13:16:14 INFO  Log:27 - My Test case is executing right now
2023-05-11 13:16:14 INFO  Log:31 - My test case might have some trivial issue
2023-05-11 13:16:14 INFO  Log:27 - This test case is about to get completed
2023-05-11 13:16:14 INFO  Log:21 - #########
2023-05-11 13:16:14 INFO  Log:22 - #########
2023-05-11 13:16:14 INFO  Log:23 - #########This test case is finished#######
2023-05-11 13:17:40 INFO  Log:15 - ***************
2023-05-11 13:17:40 INFO  Log:16 - ***************
2023-05-11 13:17:40 INFO  Log:17 - ************This is the beginning of my test case***********
2023-05-11 13:17:40 INFO  Log:27 - My Test case is executing right now
2023-05-11 13:17:40 INFO  Log:31 - My test case might have some trivial issue
2023-05-11 13:17:41 INFO  Log:27 - This test case is about to get completed
2023-05-11 13:17:41 INFO  Log:21 - #########
2023-05-11 13:17:41 INFO  Log:22 - #########
2023-05-11 13:17:41 INFO  Log:23 - #########This test case is finished#######
2023-05-11 13:17:43 INFO  Log:15 - ***************
2023-05-11 13:17:43 INFO  Log:16 - ***************
2023-05-11 13:17:43 INFO  Log:17 - ************This is the beginning of my test case***********
2023-05-11 13:17:43 INFO  Log:27 - My Test case is executing right now
2023-05-11 13:17:43 INFO  Log:31 - My test case might have some trivial issue
2023-05-11 13:17:44 INFO  Log:27 - This test case is about to get completed
2023-05-11 13:17:44 INFO  Log:21 - #########
2023-05-11 13:17:44 INFO  Log:22 - #########
2023-05-11 13:17:44 INFO  Log:23 - #########This test case is finished#######
2023-05-11 13:17:46 INFO  Log:15 - ***************
2023-05-11 13:17:46 INFO  Log:16 - ***************
2023-05-11 13:17:46 INFO  Log:17 - ************This is the beginning of my test case***********
2023-05-11 13:17:46 INFO  Log:27 - My Test case is executing right now
2023-05-11 13:17:46 INFO  Log:31 - My test case might have some trivial issue
2023-05-11 13:17:46 INFO  Log:27 - This test case is about to get completed
2023-05-11 13:17:46 INFO  Log:21 - #########
2023-05-11 13:17:46 INFO  Log:22 - #########
2023-05-11 13:17:46 INFO  Log:23 - #########This test case is finished#######
2023-05-11 13:17:48 INFO  Log:15 - ***************
2023-05-11 13:17:48 INFO  Log:16 - ***************
2023-05-11 13:17:48 INFO  Log:17 - ************This is the beginning of my test case***********
2023-05-11 13:17:48 INFO  Log:27 - My Test case is executing right now
2023-05-11 13:17:48 INFO  Log:31 - My test case might have some trivial issue
2023-05-11 13:17:49 INFO  Log:27 - This test case is about to get completed
2023-05-11 13:17:49 INFO  Log:21 - #########
2023-05-11 13:17:49 INFO  Log:22 - #########
2023-05-11 13:17:49 INFO  Log:23 - #########This test case is finished#######
2023-05-13 12:42:09 INFO  Log:15 - ***************
2023-05-13 12:42:09 INFO  Log:16 - ***************
2023-05-13 12:42:09 INFO  Log:17 - ************This is the beginning of my test case***********
2023-05-13 12:42:09 INFO  Log:27 - My Test case is executing right now
2023-05-13 12:42:09 INFO  Log:31 - My test case might have some trivial issue
2023-05-13 12:42:18 INFO  Log:27 - This test case is about to get completed
2023-05-13 12:42:18 INFO  Log:21 - #########
2023-05-13 12:42:18 INFO  Log:22 - #########
2023-05-13 12:42:18 INFO  Log:23 - #########This test case is finished#######
2023-05-30 21:32:51 INFO  Log:15 - ***************
2023-05-30 21:32:51 INFO  Log:16 - ***************
2023-05-30 21:32:51 INFO  Log:17 - ************This is the beginning of my test case***********
2023-05-30 21:32:51 INFO  Log:27 - My Test case is executing right now
2023-05-30 21:32:51 INFO  Log:31 - My test case might have some trivial issue
2023-05-30 21:33:27 INFO  Log:27 - This test case is about to get completed
2023-05-30 21:33:27 INFO  Log:21 - #########
2023-05-30 21:33:27 INFO  Log:22 - #########
2023-05-30 21:33:27 INFO  Log:23 - #########This test case is finished#######
2023-05-31 09:55:40 INFO  Log:15 - ***************
2023-05-31 09:55:40 INFO  Log:16 - ***************
2023-05-31 09:55:40 INFO  Log:17 - ************This is the beginning of my test case***********
2023-05-31 09:55:40 INFO  Log:27 - My Test case is executing right now
2023-05-31 09:55:40 INFO  Log:31 - My test case might have some trivial issue
2023-05-31 09:55:49 INFO  Log:27 - This test case is about to get completed
2023-05-31 09:55:49 INFO  Log:21 - #########
2023-05-31 09:55:49 INFO  Log:22 - #########
2023-05-31 09:55:49 INFO  Log:23 - #########This test case is finished#######
